{
  "stats": {
    "suites": 1,
    "tests": 2,
    "passes": 2,
    "pending": 0,
    "failures": 0,
    "start": "2024-06-27T07:28:38.754Z",
    "end": "2024-06-27T07:29:16.309Z",
    "duration": 37555,
    "testsRegistered": 2,
    "passPercent": 100,
    "pendingPercent": 0,
    "other": 0,
    "hasOther": false,
    "skipped": 0,
    "hasSkipped": false
  },
  "results": [
    {
      "uuid": "e751adfc-2389-4d06-a9dc-c1a864e6c718",
      "title": "",
      "fullFile": "C:\\Users\\LENOVO\\Desktop\\Selenium\\test\\Login.js",
      "file": "\\test\\Login.js",
      "beforeHooks": [],
      "afterHooks": [],
      "tests": [],
      "suites": [
        {
          "uuid": "be38b627-0ab8-4444-b195-1c07bf1991bf",
          "title": "Login Functionality",
          "fullFile": "C:\\Users\\LENOVO\\Desktop\\Selenium\\test\\Login.js",
          "file": "\\test\\Login.js",
          "beforeHooks": [
            {
              "title": "\"before each\" hook in \"Login Functionality\"",
              "fullTitle": "Login Functionality \"before each\" hook in \"Login Functionality\"",
              "timedOut": false,
              "duration": 1436,
              "state": null,
              "speed": null,
              "pass": false,
              "fail": false,
              "pending": false,
              "context": null,
              "code": "driver = new Builder().forBrowser(Browser.CHROME).build();\ndriver.get(url);",
              "err": {},
              "uuid": "dd277264-2b85-4fc8-afca-3fe9016fb5ca",
              "parentUUID": "be38b627-0ab8-4444-b195-1c07bf1991bf",
              "isHook": true,
              "skipped": false
            }
          ],
          "afterHooks": [
            {
              "title": "\"after each\" hook in \"Login Functionality\"",
              "fullTitle": "Login Functionality \"after each\" hook in \"Login Functionality\"",
              "timedOut": false,
              "duration": 0,
              "state": null,
              "speed": null,
              "pass": false,
              "fail": false,
              "pending": false,
              "context": null,
              "code": "driver.quit();",
              "err": {},
              "uuid": "19f7de91-04fd-4f6f-8eaf-c4b61ce3a2c4",
              "parentUUID": "be38b627-0ab8-4444-b195-1c07bf1991bf",
              "isHook": true,
              "skipped": false
            }
          ],
          "tests": [
            {
              "title": "Successful login with valid username and password",
              "fullTitle": "Login Functionality Successful login with valid username and password",
              "timedOut": false,
              "duration": 19584,
              "state": "passed",
              "speed": "slow",
              "pass": true,
              "fail": false,
              "pending": false,
              "context": null,
              "code": "await driver.findElement(By.id('user-name')).sendKeys('standard_user');\nawait driver.findElement(By.id('password')).sendKeys('secret_sauce');\nawait driver.findElement(By.name('login-button')).click();",
              "err": {},
              "uuid": "025d5f04-03b2-4e78-89c7-6c96c3b45333",
              "parentUUID": "be38b627-0ab8-4444-b195-1c07bf1991bf",
              "isHook": false,
              "skipped": false
            },
            {
              "title": "Failed login with invalid username and invalid password",
              "fullTitle": "Login Functionality Failed login with invalid username and invalid password",
              "timedOut": false,
              "duration": 8158,
              "state": "passed",
              "speed": "slow",
              "pass": true,
              "fail": false,
              "pending": false,
              "context": null,
              "code": "await driver.findElement(By.id('user-name')).sendKeys('standard');\nawait driver.findElement(By.id('password')).sendKeys('secret');\nawait driver.findElement(By.name('login-button')).click();\nlet errorMessage=await driver.findElement(By.css('h3[data-test=\"error\"]')).getText().then(function(value){\n    return value\n})\n       // Verify error message displayed on failed Login\n       assert.strictEqual(errorMessage,'Epic sadface: Username and password do not match any user in this service')",
              "err": {},
              "uuid": "4b760dbb-5589-4a3b-85d2-3f0fe1c32ffd",
              "parentUUID": "be38b627-0ab8-4444-b195-1c07bf1991bf",
              "isHook": false,
              "skipped": false
            }
          ],
          "suites": [],
          "passes": [
            "025d5f04-03b2-4e78-89c7-6c96c3b45333",
            "4b760dbb-5589-4a3b-85d2-3f0fe1c32ffd"
          ],
          "failures": [],
          "pending": [],
          "skipped": [],
          "duration": 27742,
          "root": false,
          "rootEmpty": false,
          "_timeout": 0
        }
      ],
      "passes": [],
      "failures": [],
      "pending": [],
      "skipped": [],
      "duration": 0,
      "root": true,
      "rootEmpty": true,
      "_timeout": 0
    }
  ],
  "meta": {
    "mocha": {
      "version": "10.5.2"
    },
    "mochawesome": {
      "options": {
        "quiet": false,
        "reportFilename": "mochawesome",
        "saveHtml": true,
        "saveJson": true,
        "consoleReporter": "spec",
        "useInlineDiffs": false,
        "code": true
      },
      "version": "7.1.3"
    },
    "marge": {
      "options": null,
      "version": "6.2.0"
    }
  }
}